#
# A fatal error has been detected by the Java Runtime Environment:
#
#  SIGSEGV (0xb) at pc=0x000000010a748d7c, pid=4290, tid=17155
#
# JRE version: Java(TM) SE Runtime Environment (8.0_73-b02) (build 1.8.0_73-b02)
# Java VM: Java HotSpot(TM) 64-Bit Server VM (25.73-b02 mixed mode bsd-amd64 compressed oops)
# Problematic frame:
# V  [libjvm.dylib+0x446d7c]  Method::checked_resolve_jmethod_id(_jmethodID*)+0xe
#
# Failed to write core dump. Core dumps have been disabled. To enable core dumping, try "ulimit -c unlimited" before starting Java again
#
# If you would like to submit a bug report, please visit:
#   http://bugreport.java.com/bugreport/crash.jsp
#

---------------  T H R E A D  ---------------

Current thread (0x00007feea902e800):  JavaThread "JDWP Transport Listener: dt_socket" daemon [_thread_in_vm, id=17155, stack(0x000070000f28c000,0x000070000f38c000)]

siginfo: si_signo: 11 (SIGSEGV), si_code: 0 (unknown), si_addr: 0x0000000000000000

Registers:
RAX=0x0000000000000001, RBX=0x000070000f38ba8b, RCX=0x000000010ab17340, RDX=0x000070000f38ba8b
RSP=0x000070000f38b9d0, RBP=0x000070000f38b9e0, RSI=0x00007feea902e800, RDI=0x432f63003b726564
R8 =0x0000000000000000, R9 =0x00007feea84665d0, R10=0x0000000000000001, R11=0x0000000000000001
R12=0x00007feea902e800, R13=0x432f63003b726564, R14=0x432f63003b726564, R15=0x00007feea86010c0
RIP=0x000000010a748d7c, EFLAGS=0x0000000000010202, ERR=0x0000000000000000
  TRAPNO=0x000000000000000d

Top of Stack: (sp=0x000070000f38b9d0)
0x000070000f38b9d0:   000070000f38ba8b 000070000f38ba8b
0x000070000f38b9e0:   000070000f38ba40 000000010a657dda
0x000070000f38b9f0:   00007feea902e800 0000000000000000
0x000070000f38ba00:   0000000000000000 0000000000000000
0x000070000f38ba10:   00007feea902e800 00007feea902e800
0x000070000f38ba20:   000070000f38ba8b 000070000f38ba90
0x000070000f38ba30:   432f63003b726564 000000000000000c
0x000070000f38ba40:   000070000f38ba60 000000010b2f3780
0x000070000f38ba50:   0000000000000001 000070000f38bb08
0x000070000f38ba60:   000070000f38bad0 000000010b2d81f3
0x000070000f38ba70:   000070000f38baa0 00007feea8450ba0
0x000070000f38ba80:   0000000d00000032 000000020038bb08
0x000070000f38ba90:   0000000000000000 0000000000000000
0x000070000f38baa0:   0000000000000000 000070000f38bc90
0x000070000f38bab0:   000000010b2fae7a 00007feea87418a0
0x000070000f38bac0:   000070000f38bb08 000000010b306598
0x000070000f38bad0:   000070000f38bae0 000000010b2d82ec
0x000070000f38bae0:   000070000f38bd00 000000010b2e1898
0x000070000f38baf0:   00000cc200000013 00000000000f0200
0x000070000f38bb00:   00007feea8746590 00007feea893cacd
0x000070000f38bb10:   00007fee000003e3 00007feea842c620
0x000070000f38bb20:   00007fee0000012c 000070000f38bb58
0x000070000f38bb30:   00007feea8436480 0000000000000000
0x000070000f38bb40:   00000cc200000030 0000000000000080
0x000070000f38bb50:   000070000f38bb58 ee7f00000d000000
0x000070000f38bb60:   09000000d8da42a8 243165646f636e65
0x000070000f38bb70:   734c284400000031 6c6f632f616c6163
0x000070000f38bb80:   2f6e6f697463656c 6c626174756d6d69
0x000070000f38bb90:   293b7473694c2f65 632f616c6163734c
0x000070000f38bba0:   6f697463656c6c6f 6174756d6d692f6e
0x000070000f38bbb0:   7473694c2f656c62 000000000000003b
0x000070000f38bbc0:   f660a8ee7f000012 69616d0400000058 

Instructions: (pc=0x000000010a748d7c)
0x000000010a748d5c:   40 48 48 85 c0 75 e0 30 c0 0f b6 c0 5d c3 31 c0
0x000000010a748d6c:   5d c3 55 48 89 e5 53 48 83 ec 08 48 85 ff 74 24
0x000000010a748d7c:   48 8b 1f 48 85 db 74 1c 48 83 fb 37 74 16 48 8b
0x000000010a748d8c:   03 48 89 df ff 50 10 84 c0 b8 00 00 00 00 48 0f 

Register to memory mapping:

RAX=0x0000000000000001 is an unknown value
RBX=0x000070000f38ba8b is pointing into the stack for thread: 0x00007feea902e800
RCX=0x000000010ab17340: UseMembar+0 in /Library/Java/JavaVirtualMachines/jdk1.8.0_73.jdk/Contents/Home/jre/lib/server/libjvm.dylib at 0x000000010a302000
RDX=0x000070000f38ba8b is pointing into the stack for thread: 0x00007feea902e800
RSP=0x000070000f38b9d0 is pointing into the stack for thread: 0x00007feea902e800
RBP=0x000070000f38b9e0 is pointing into the stack for thread: 0x00007feea902e800
RSI=0x00007feea902e800 is a thread
RDI=0x432f63003b726564 is an unknown value
R8 =0x0000000000000000 is an unknown value
R9 =0x00007feea84665d0 is an unknown value
R10=0x0000000000000001 is an unknown value
R11=0x0000000000000001 is an unknown value
R12=0x00007feea902e800 is a thread
R13=0x432f63003b726564 is an unknown value
R14=0x432f63003b726564 is an unknown value
R15=0x00007feea86010c0 is an unknown value


Stack: [0x000070000f28c000,0x000070000f38c000],  sp=0x000070000f38b9d0,  free space=1022k
Native frames: (J=compiled Java code, j=interpreted, Vv=VM code, C=native code)
V  [libjvm.dylib+0x446d7c]  Method::checked_resolve_jmethod_id(_jmethodID*)+0xe
V  [libjvm.dylib+0x355dda]  jvmti_IsMethodSynthetic+0xb2
C  [libjdwp.dylib+0x20780]  isMethodSynthetic+0x63
C  [libjdwp.dylib+0x51f3]  methods1+0x10b
C  [libjdwp.dylib+0x52ec]  methodsWithGeneric+0xe
C  [libjdwp.dylib+0xe898]  debugLoop_run+0x1ce
C  [libjdwp.dylib+0x1f6ba]  attachThread+0x4d
V  [libjvm.dylib+0x397138]  JvmtiAgentThread::call_start_function()+0x38
V  [libjvm.dylib+0x561753]  JavaThread::thread_main_inner()+0x9b
V  [libjvm.dylib+0x562e4e]  JavaThread::run()+0x1c2
V  [libjvm.dylib+0x4838a2]  java_start(Thread*)+0xf6
C  [libsystem_pthread.dylib+0x3abb]  _pthread_body+0xb4
C  [libsystem_pthread.dylib+0x3a07]  _pthread_body+0x0
C  [libsystem_pthread.dylib+0x3231]  thread_start+0xd
C  0x0000000000000000


---------------  P R O C E S S  ---------------

Java Threads: ( => current thread )
  0x00007feea9030000 JavaThread "Service Thread" daemon [_thread_blocked, id=20227, stack(0x000070000f89e000,0x000070000f99e000)]
  0x00007feea8856000 JavaThread "C1 CompilerThread2" daemon [_thread_blocked, id=19715, stack(0x000070000f79b000,0x000070000f89b000)]
  0x00007feea8855800 JavaThread "C2 CompilerThread1" daemon [_thread_blocked, id=19203, stack(0x000070000f698000,0x000070000f798000)]
  0x00007feea8848000 JavaThread "C2 CompilerThread0" daemon [_thread_blocked, id=18691, stack(0x000070000f595000,0x000070000f695000)]
  0x00007feea902f000 JavaThread "JDWP Command Reader" daemon [_thread_in_native, id=18179, stack(0x000070000f492000,0x000070000f592000)]
  0x00007feea881e800 JavaThread "JDWP Event Helper Thread" daemon [_thread_blocked, id=17667, stack(0x000070000f38f000,0x000070000f48f000)]
=>0x00007feea902e800 JavaThread "JDWP Transport Listener: dt_socket" daemon [_thread_in_vm, id=17155, stack(0x000070000f28c000,0x000070000f38c000)]
  0x00007feea9042000 JavaThread "Signal Dispatcher" daemon [_thread_blocked, id=16643, stack(0x000070000f189000,0x000070000f289000)]
  0x00007feeaa000000 JavaThread "Finalizer" daemon [_thread_blocked, id=12291, stack(0x000070000f003000,0x000070000f103000)]
  0x00007feea9805800 JavaThread "Reference Handler" daemon [_thread_blocked, id=11779, stack(0x000070000ef00000,0x000070000f000000)]
  0x00007feeaa001800 JavaThread "main" [_thread_blocked, id=3587, stack(0x000070000e7e8000,0x000070000e8e8000)]

Other Threads:
  0x00007feea901d800 VMThread [stack: 0x000070000edfd000,0x000070000eefd000] [id=11267]
  0x00007feea9030800 WatcherThread [stack: 0x000070000f9a1000,0x000070000faa1000] [id=20739]

VM state:not at safepoint (normal execution)

VM Mutex/Monitor currently owned by a thread: None

Heap:
 PSYoungGen      total 38400K, used 14056K [0x0000000795580000, 0x0000000798000000, 0x00000007c0000000)
  eden space 33280K, 42% used [0x0000000795580000,0x000000079633a268,0x0000000797600000)
  from space 5120K, 0% used [0x0000000797b00000,0x0000000797b00000,0x0000000798000000)
  to   space 5120K, 0% used [0x0000000797600000,0x0000000797600000,0x0000000797b00000)
 ParOldGen       total 87552K, used 0K [0x0000000740000000, 0x0000000745580000, 0x0000000795580000)
  object space 87552K, 0% used [0x0000000740000000,0x0000000740000000,0x0000000745580000)
 Metaspace       used 5100K, capacity 6616K, committed 6784K, reserved 1056768K
  class space    used 692K, capacity 776K, committed 896K, reserved 1048576K

Card table byte_map: [0x000000010bfc0000,0x000000010c3c1000] byte_map_base: 0x00000001085c0000

Marking Bits: (ParMarkBitMap*) 0x000000010abe5ea0
 Begin Bits: [0x000000010c66c000, 0x000000010e66c000)
 End Bits:   [0x000000010e66c000, 0x000000011066c000)

Polling page: 0x000000010b2d2000

CodeCache: size=245760Kb used=1822Kb max_used=1835Kb free=243937Kb
 bounds [0x00000001148fe000, 0x0000000114b6e000, 0x00000001238fe000]
 total_blobs=510 nmethods=274 adapters=158
 compilation: enabled

Compilation events (10 events):
Event: 1.271 Thread 0x00007feea8856000  269       3       java.net.URL::toString (5 bytes)
Event: 1.272 Thread 0x00007feea8856000 nmethod 269 0x0000000114ab4d90 code [0x0000000114ab4f00, 0x0000000114ab51e8]
Event: 1.272 Thread 0x00007feea8856000  270       3       java.net.URL::toExternalForm (9 bytes)
Event: 1.272 Thread 0x00007feea8856000 nmethod 270 0x0000000114ab4950 code [0x0000000114ab4ac0, 0x0000000114ab4ce8]
Event: 1.272 Thread 0x00007feea8856000  271       3       java.net.URLStreamHandler::toExternalForm (219 bytes)
Event: 1.274 Thread 0x00007feea8856000 nmethod 271 0x0000000114abfed0 code [0x0000000114ac0260, 0x0000000114ac3718]
Event: 1.284 Thread 0x00007feea8848000  272       4       sun.net.www.ParseUtil::encodePath (336 bytes)
Event: 1.315 Thread 0x00007feea8848000 nmethod 272 0x0000000114ac8310 code [0x0000000114ac84e0, 0x0000000114ac93f8]
Event: 8535.291 Thread 0x00007feea8856000  274       1       scala.collection.immutable.$colon$colon::isEmpty (2 bytes)
Event: 8535.292 Thread 0x00007feea8856000 nmethod 274 0x0000000114ab4110 code [0x0000000114ab4260, 0x0000000114ab4370]

GC Heap History (0 events):
No events

Deoptimization events (0 events):
No events

Internal exceptions (2 events):
Event: 0.065 Thread 0x00007feeaa001800 Exception <a 'java/lang/NoSuchMethodError': Method sun.misc.Unsafe.defineClass(Ljava/lang/String;[BII)Ljava/lang/Class; name or signature does not match> (0x0000000795592f68) thrown at [/HUDSON3/workspace/8-2-build-macosx-x86_64/jdk8u73/6086/hotspot/src/s
Event: 0.065 Thread 0x00007feeaa001800 Exception <a 'java/lang/NoSuchMethodError': Method sun.misc.Unsafe.prefetchRead(Ljava/lang/Object;J)V name or signature does not match> (0x0000000795593250) thrown at [/HUDSON3/workspace/8-2-build-macosx-x86_64/jdk8u73/6086/hotspot/src/share/vm/prims/jni.

Events (10 events):
Event: 19840.504 Executing VM operation: GetOrSetLocal
Event: 19840.504 Executing VM operation: GetOrSetLocal done
Event: 20079.792 Executing VM operation: GetOrSetLocal
Event: 20079.792 Executing VM operation: GetOrSetLocal done
Event: 20079.792 Executing VM operation: GetOrSetLocal
Event: 20079.792 Executing VM operation: GetOrSetLocal done
Event: 20079.792 Executing VM operation: GetOrSetLocal
Event: 20079.792 Executing VM operation: GetOrSetLocal done
Event: 20142.359 Executing VM operation: RedefineClasses
Event: 20142.376 Executing VM operation: RedefineClasses done


Dynamic libraries:
0x0000000030097000 	/System/Library/Frameworks/Cocoa.framework/Versions/A/Cocoa
0x0000000030097000 	/System/Library/Frameworks/Security.framework/Versions/A/Security
0x0000000030097000 	/System/Library/Frameworks/ApplicationServices.framework/Versions/A/ApplicationServices
0x0000000030097000 	/usr/lib/libz.1.dylib
0x0000000030097000 	/usr/lib/libSystem.B.dylib
0x0000000030097000 	/usr/lib/libobjc.A.dylib
0x0000000030097000 	/System/Library/Frameworks/CoreFoundation.framework/Versions/A/CoreFoundation
0x0000000030097000 	/System/Library/Frameworks/Foundation.framework/Versions/C/Foundation
0x0000000030097000 	/System/Library/Frameworks/AppKit.framework/Versions/C/AppKit
0x0000000030097000 	/System/Library/Frameworks/CoreData.framework/Versions/A/CoreData
0x0000000030097000 	/System/Library/PrivateFrameworks/RemoteViewServices.framework/Versions/A/RemoteViewServices
0x0000000030097000 	/System/Library/PrivateFrameworks/UIFoundation.framework/Versions/A/UIFoundation
0x0000000030097000 	/usr/lib/libenergytrace.dylib
0x0000000030097000 	/System/Library/PrivateFrameworks/SkyLight.framework/Versions/A/SkyLight
0x0000000030097000 	/System/Library/Frameworks/CoreGraphics.framework/Versions/A/CoreGraphics
0x0000000030097000 	/usr/lib/libScreenReader.dylib
0x0000000030097000 	/System/Library/Frameworks/Accelerate.framework/Versions/A/Accelerate
0x0000000030097000 	/System/Library/Frameworks/IOSurface.framework/Versions/A/IOSurface
0x0000000030097000 	/System/Library/Frameworks/AudioToolbox.framework/Versions/A/AudioToolbox
0x0000000030097000 	/System/Library/Frameworks/AudioUnit.framework/Versions/A/AudioUnit
0x0000000030097000 	/System/Library/PrivateFrameworks/DataDetectorsCore.framework/Versions/A/DataDetectorsCore
0x0000000030097000 	/System/Library/PrivateFrameworks/DesktopServicesPriv.framework/Versions/A/DesktopServicesPriv
0x0000000030097000 	/System/Library/Frameworks/Carbon.framework/Versions/A/Frameworks/HIToolbox.framework/Versions/A/HIToolbox
0x0000000030097000 	/usr/lib/libicucore.A.dylib
0x0000000030097000 	/System/Library/Frameworks/QuartzCore.framework/Versions/A/QuartzCore
0x0000000030097000 	/System/Library/Frameworks/Carbon.framework/Versions/A/Frameworks/SpeechRecognition.framework/Versions/A/SpeechRecognition
0x0000000030097000 	/usr/lib/libauto.dylib
0x0000000030097000 	/usr/lib/libxml2.2.dylib
0x0000000030097000 	/System/Library/PrivateFrameworks/CoreUI.framework/Versions/A/CoreUI
0x0000000030097000 	/System/Library/Frameworks/CoreAudio.framework/Versions/A/CoreAudio
0x0000000030097000 	/System/Library/Frameworks/DiskArbitration.framework/Versions/A/DiskArbitration
0x0000000030097000 	/usr/lib/liblangid.dylib
0x0000000030097000 	/System/Library/PrivateFrameworks/MultitouchSupport.framework/Versions/A/MultitouchSupport
0x0000000030097000 	/System/Library/Frameworks/IOKit.framework/Versions/A/IOKit
0x0000000030097000 	/usr/lib/libDiagnosticMessagesClient.dylib
0x0000000030097000 	/System/Library/Frameworks/CoreServices.framework/Versions/A/CoreServices
0x0000000030097000 	/System/Library/PrivateFrameworks/PerformanceAnalysis.framework/Versions/A/PerformanceAnalysis
0x0000000030097000 	/System/Library/PrivateFrameworks/GenerationalStorage.framework/Versions/A/GenerationalStorage
0x0000000030097000 	/System/Library/Frameworks/OpenGL.framework/Versions/A/OpenGL
0x0000000030097000 	/System/Library/Frameworks/CoreImage.framework/Versions/A/CoreImage
0x0000000030097000 	/System/Library/Frameworks/CoreText.framework/Versions/A/CoreText
0x0000000030097000 	/System/Library/Frameworks/ImageIO.framework/Versions/A/ImageIO
0x0000000030097000 	/System/Library/PrivateFrameworks/Backup.framework/Versions/A/Backup
0x0000000030097000 	/usr/lib/libarchive.2.dylib
0x0000000030097000 	/System/Library/Frameworks/CFNetwork.framework/Versions/A/CFNetwork
0x0000000030097000 	/System/Library/Frameworks/SystemConfiguration.framework/Versions/A/SystemConfiguration
0x0000000030097000 	/usr/lib/libCRFSuite.dylib
0x0000000030097000 	/usr/lib/libc++.1.dylib
0x0000000030097000 	/usr/lib/libc++abi.dylib
0x0000000030097000 	/usr/lib/system/libcache.dylib
0x0000000030097000 	/usr/lib/system/libcommonCrypto.dylib
0x0000000030097000 	/usr/lib/system/libcompiler_rt.dylib
0x0000000030097000 	/usr/lib/system/libcopyfile.dylib
0x0000000030097000 	/usr/lib/system/libcorecrypto.dylib
0x0000000030097000 	/usr/lib/system/libdispatch.dylib
0x0000000030097000 	/usr/lib/system/libdyld.dylib
0x0000000030097000 	/usr/lib/system/libkeymgr.dylib
0x0000000030097000 	/usr/lib/system/liblaunch.dylib
0x0000000030097000 	/usr/lib/system/libmacho.dylib
0x0000000030097000 	/usr/lib/system/libquarantine.dylib
0x0000000030097000 	/usr/lib/system/libremovefile.dylib
0x0000000030097000 	/usr/lib/system/libsystem_asl.dylib
0x0000000030097000 	/usr/lib/system/libsystem_blocks.dylib
0x0000000030097000 	/usr/lib/system/libsystem_c.dylib
0x0000000030097000 	/usr/lib/system/libsystem_configuration.dylib
0x0000000030097000 	/usr/lib/system/libsystem_coreservices.dylib
0x0000000030097000 	/usr/lib/system/libsystem_coretls.dylib
0x0000000030097000 	/usr/lib/system/libsystem_dnssd.dylib
0x0000000030097000 	/usr/lib/system/libsystem_info.dylib
0x0000000030097000 	/usr/lib/system/libsystem_kernel.dylib
0x0000000030097000 	/usr/lib/system/libsystem_m.dylib
0x0000000030097000 	/usr/lib/system/libsystem_malloc.dylib
0x0000000030097000 	/usr/lib/system/libsystem_network.dylib
0x0000000030097000 	/usr/lib/system/libsystem_networkextension.dylib
0x0000000030097000 	/usr/lib/system/libsystem_notify.dylib
0x0000000030097000 	/usr/lib/system/libsystem_platform.dylib
0x0000000030097000 	/usr/lib/system/libsystem_pthread.dylib
0x0000000030097000 	/usr/lib/system/libsystem_sandbox.dylib
0x0000000030097000 	/usr/lib/system/libsystem_secinit.dylib
0x0000000030097000 	/usr/lib/system/libsystem_symptoms.dylib
0x0000000030097000 	/usr/lib/system/libsystem_trace.dylib
0x0000000030097000 	/usr/lib/system/libunwind.dylib
0x0000000030097000 	/usr/lib/system/libxpc.dylib
0x0000000030097000 	/usr/lib/libbsm.0.dylib
0x0000000030097000 	/usr/lib/system/libkxld.dylib
0x0000000030097000 	/usr/lib/libcoretls.dylib
0x0000000030097000 	/usr/lib/libcoretls_cfhelpers.dylib
0x0000000030097000 	/usr/lib/libxar.1.dylib
0x0000000030097000 	/usr/lib/libsqlite3.dylib
0x0000000030097000 	/usr/lib/libpam.2.dylib
0x0000000030097000 	/usr/lib/libOpenScriptingUtil.dylib
0x0000000030097000 	/usr/lib/libbz2.1.0.dylib
0x0000000030097000 	/usr/lib/liblzma.5.dylib
0x0000000030097000 	/usr/lib/libnetwork.dylib
0x0000000030097000 	/usr/lib/libpcap.A.dylib
0x0000000030097000 	/System/Library/Frameworks/CoreServices.framework/Versions/A/Frameworks/FSEvents.framework/Versions/A/FSEvents
0x0000000030097000 	/System/Library/Frameworks/CoreServices.framework/Versions/A/Frameworks/CarbonCore.framework/Versions/A/CarbonCore
0x0000000030097000 	/System/Library/Frameworks/CoreServices.framework/Versions/A/Frameworks/Metadata.framework/Versions/A/Metadata
0x0000000030097000 	/System/Library/Frameworks/CoreServices.framework/Versions/A/Frameworks/OSServices.framework/Versions/A/OSServices
0x0000000030097000 	/System/Library/Frameworks/CoreServices.framework/Versions/A/Frameworks/SearchKit.framework/Versions/A/SearchKit
0x0000000030097000 	/System/Library/Frameworks/CoreServices.framework/Versions/A/Frameworks/AE.framework/Versions/A/AE
0x0000000030097000 	/System/Library/Frameworks/CoreServices.framework/Versions/A/Frameworks/LaunchServices.framework/Versions/A/LaunchServices
0x0000000030097000 	/System/Library/Frameworks/CoreServices.framework/Versions/A/Frameworks/DictionaryServices.framework/Versions/A/DictionaryServices
0x0000000030097000 	/System/Library/Frameworks/CoreServices.framework/Versions/A/Frameworks/SharedFileList.framework/Versions/A/SharedFileList
0x0000000030097000 	/System/Library/Frameworks/NetFS.framework/Versions/A/NetFS
0x0000000030097000 	/System/Library/PrivateFrameworks/NetAuth.framework/Versions/A/NetAuth
0x0000000030097000 	/System/Library/PrivateFrameworks/login.framework/Versions/A/Frameworks/loginsupport.framework/Versions/A/loginsupport
0x0000000030097000 	/System/Library/PrivateFrameworks/TCC.framework/Versions/A/TCC
0x0000000030097000 	/usr/lib/libmecabra.dylib
0x0000000030097000 	/System/Library/Frameworks/ApplicationServices.framework/Versions/A/Frameworks/ATS.framework/Versions/A/ATS
0x0000000030097000 	/System/Library/Frameworks/ApplicationServices.framework/Versions/A/Frameworks/ColorSync.framework/Versions/A/ColorSync
0x0000000030097000 	/System/Library/Frameworks/ApplicationServices.framework/Versions/A/Frameworks/HIServices.framework/Versions/A/HIServices
0x0000000030097000 	/System/Library/Frameworks/ApplicationServices.framework/Versions/A/Frameworks/LangAnalysis.framework/Versions/A/LangAnalysis
0x0000000030097000 	/System/Library/Frameworks/ApplicationServices.framework/Versions/A/Frameworks/PrintCore.framework/Versions/A/PrintCore
0x0000000030097000 	/System/Library/Frameworks/ApplicationServices.framework/Versions/A/Frameworks/QD.framework/Versions/A/QD
0x0000000030097000 	/System/Library/Frameworks/ApplicationServices.framework/Versions/A/Frameworks/SpeechSynthesis.framework/Versions/A/SpeechSynthesis
0x0000000030097000 	/System/Library/Frameworks/Accelerate.framework/Versions/A/Frameworks/vImage.framework/Versions/A/vImage
0x0000000030097000 	/System/Library/Frameworks/Accelerate.framework/Versions/A/Frameworks/vecLib.framework/Versions/A/vecLib
0x0000000030097000 	/System/Library/Frameworks/Accelerate.framework/Versions/A/Frameworks/vecLib.framework/Versions/A/libvDSP.dylib
0x0000000030097000 	/System/Library/Frameworks/Accelerate.framework/Versions/A/Frameworks/vecLib.framework/Versions/A/libBNNS.dylib
0x0000000030097000 	/System/Library/Frameworks/Accelerate.framework/Versions/A/Frameworks/vecLib.framework/Versions/A/libQuadrature.dylib
0x0000000030097000 	/System/Library/Frameworks/Accelerate.framework/Versions/A/Frameworks/vecLib.framework/Versions/A/libvMisc.dylib
0x0000000030097000 	/System/Library/Frameworks/Accelerate.framework/Versions/A/Frameworks/vecLib.framework/Versions/A/libLAPACK.dylib
0x0000000030097000 	/System/Library/Frameworks/Accelerate.framework/Versions/A/Frameworks/vecLib.framework/Versions/A/libBLAS.dylib
0x0000000030097000 	/System/Library/Frameworks/Accelerate.framework/Versions/A/Frameworks/vecLib.framework/Versions/A/libLinearAlgebra.dylib
0x0000000030097000 	/System/Library/Frameworks/Accelerate.framework/Versions/A/Frameworks/vecLib.framework/Versions/A/libSparseBLAS.dylib
0x0000000030097000 	/System/Library/Frameworks/ApplicationServices.framework/Versions/A/Frameworks/ATS.framework/Versions/A/Resources/libFontParser.dylib
0x0000000030097000 	/System/Library/Frameworks/ApplicationServices.framework/Versions/A/Frameworks/ATS.framework/Versions/A/Resources/libFontRegistry.dylib
0x0000000030097000 	/System/Library/Frameworks/ImageIO.framework/Versions/A/Resources/libJPEG.dylib
0x0000000030097000 	/System/Library/Frameworks/ImageIO.framework/Versions/A/Resources/libTIFF.dylib
0x0000000030097000 	/System/Library/Frameworks/ImageIO.framework/Versions/A/Resources/libPng.dylib
0x0000000030097000 	/System/Library/Frameworks/ImageIO.framework/Versions/A/Resources/libGIF.dylib
0x0000000030097000 	/System/Library/Frameworks/ImageIO.framework/Versions/A/Resources/libJP2.dylib
0x0000000030097000 	/System/Library/Frameworks/ImageIO.framework/Versions/A/Resources/libRadiance.dylib
0x0000000030097000 	/usr/lib/libcompression.dylib
0x0000000030097000 	/System/Library/PrivateFrameworks/AppleJPEG.framework/Versions/A/AppleJPEG
0x0000000030097000 	/usr/lib/libcups.2.dylib
0x0000000030097000 	/System/Library/Frameworks/Kerberos.framework/Versions/A/Kerberos
0x0000000030097000 	/System/Library/Frameworks/GSS.framework/Versions/A/GSS
0x0000000030097000 	/usr/lib/libresolv.9.dylib
0x0000000030097000 	/usr/lib/libiconv.2.dylib
0x0000000030097000 	/System/Library/PrivateFrameworks/Heimdal.framework/Versions/A/Heimdal
0x0000000030097000 	/usr/lib/libheimdal-asn1.dylib
0x0000000030097000 	/System/Library/Frameworks/OpenDirectory.framework/Versions/A/OpenDirectory
0x0000000030097000 	/System/Library/PrivateFrameworks/CommonAuth.framework/Versions/A/CommonAuth
0x0000000030097000 	/System/Library/Frameworks/OpenDirectory.framework/Versions/A/Frameworks/CFOpenDirectory.framework/Versions/A/CFOpenDirectory
0x0000000030097000 	/System/Library/Frameworks/SecurityFoundation.framework/Versions/A/SecurityFoundation
0x0000000030097000 	/System/Library/PrivateFrameworks/LanguageModeling.framework/Versions/A/LanguageModeling
0x0000000030097000 	/usr/lib/libmarisa.dylib
0x0000000030097000 	/usr/lib/libChineseTokenizer.dylib
0x0000000030097000 	/usr/lib/libcmph.dylib
0x0000000030097000 	/System/Library/PrivateFrameworks/CoreEmoji.framework/Versions/A/CoreEmoji
0x0000000030097000 	/System/Library/Frameworks/ServiceManagement.framework/Versions/A/ServiceManagement
0x0000000030097000 	/usr/lib/libxslt.1.dylib
0x0000000030097000 	/System/Library/Frameworks/Carbon.framework/Versions/A/Frameworks/Ink.framework/Versions/A/Ink
0x0000000030097000 	/System/Library/PrivateFrameworks/TextureIO.framework/Versions/A/TextureIO
0x0000000030097000 	/System/Library/Frameworks/Metal.framework/Versions/A/Metal
0x0000000030097000 	/usr/lib/libate.dylib
0x0000000030097000 	/System/Library/PrivateFrameworks/GPUCompiler.framework/libmetal_timestamp.dylib
0x0000000030097000 	/System/Library/Frameworks/OpenGL.framework/Versions/A/Libraries/libCoreFSCache.dylib
0x0000000030097000 	/System/Library/PrivateFrameworks/IOAccelerator.framework/Versions/A/IOAccelerator
0x0000000030097000 	/System/Library/Frameworks/CoreVideo.framework/Versions/A/CoreVideo
0x0000000030097000 	/usr/lib/libFosl_dynamic.dylib
0x0000000030097000 	/System/Library/PrivateFrameworks/MetalPerformanceShaders.framework/Versions/A/MetalPerformanceShaders
0x0000000030097000 	/System/Library/PrivateFrameworks/FaceCore.framework/Versions/A/FaceCore
0x0000000030097000 	/System/Library/Frameworks/OpenCL.framework/Versions/A/OpenCL
0x0000000030097000 	/System/Library/Frameworks/OpenGL.framework/Versions/A/Libraries/libGLU.dylib
0x0000000030097000 	/System/Library/Frameworks/OpenGL.framework/Versions/A/Libraries/libGFXShared.dylib
0x0000000030097000 	/System/Library/Frameworks/OpenGL.framework/Versions/A/Libraries/libGL.dylib
0x0000000030097000 	/System/Library/Frameworks/OpenGL.framework/Versions/A/Libraries/libGLImage.dylib
0x0000000030097000 	/System/Library/Frameworks/OpenGL.framework/Versions/A/Libraries/libCVMSPluginSupport.dylib
0x0000000030097000 	/System/Library/Frameworks/OpenGL.framework/Versions/A/Libraries/libCoreVMClient.dylib
0x0000000030097000 	/System/Library/PrivateFrameworks/CrashReporterSupport.framework/Versions/A/CrashReporterSupport
0x0000000030097000 	/System/Library/PrivateFrameworks/Sharing.framework/Versions/A/Sharing
0x0000000030097000 	/System/Library/PrivateFrameworks/IconServices.framework/Versions/A/IconServices
0x0000000030097000 	/System/Library/PrivateFrameworks/ProtocolBuffer.framework/Versions/A/ProtocolBuffer
0x0000000030097000 	/System/Library/PrivateFrameworks/Apple80211.framework/Versions/A/Apple80211
0x0000000030097000 	/System/Library/Frameworks/CoreWLAN.framework/Versions/A/CoreWLAN
0x0000000030097000 	/System/Library/PrivateFrameworks/CoreUtils.framework/Versions/A/CoreUtils
0x0000000030097000 	/System/Library/Frameworks/IOBluetooth.framework/Versions/A/IOBluetooth
0x0000000030097000 	/System/Library/PrivateFrameworks/CoreWiFi.framework/Versions/A/CoreWiFi
0x0000000030097000 	/System/Library/Frameworks/CoreBluetooth.framework/Versions/A/CoreBluetooth
0x0000000030097000 	/System/Library/Frameworks/CoreDisplay.framework/Versions/A/CoreDisplay
0x0000000030097000 	/System/Library/PrivateFrameworks/IOPresentment.framework/Versions/A/IOPresentment
0x0000000030097000 	/System/Library/PrivateFrameworks/DebugSymbols.framework/Versions/A/DebugSymbols
0x0000000030097000 	/System/Library/PrivateFrameworks/CoreSymbolication.framework/Versions/A/CoreSymbolication
0x0000000030097000 	/System/Library/PrivateFrameworks/Symbolication.framework/Versions/A/Symbolication
0x0000000030097000 	/System/Library/PrivateFrameworks/AppleFSCompression.framework/Versions/A/AppleFSCompression
0x0000000030097000 	/System/Library/PrivateFrameworks/SpeechRecognitionCore.framework/Versions/A/SpeechRecognitionCore
0x0000000030097000 	/System/Library/PrivateFrameworks/ChunkingLibrary.framework/Versions/A/ChunkingLibrary
0x000000010a2be000 	/System/Library/CoreServices/Encodings/libSimplifiedChineseConverter.dylib
0x000000010a302000 	/Library/Java/JavaVirtualMachines/jdk1.8.0_73.jdk/Contents/Home/jre/lib/server/libjvm.dylib
0x0000000030097000 	/usr/lib/libstdc++.6.dylib
0x000000010b28f000 	/Library/Java/JavaVirtualMachines/jdk1.8.0_73.jdk/Contents/Home/jre/lib/libverify.dylib
0x000000010b29d000 	/Library/Java/JavaVirtualMachines/jdk1.8.0_73.jdk/Contents/Home/jre/lib/libjava.dylib
0x000000010b2d3000 	/Library/Java/JavaVirtualMachines/jdk1.8.0_73.jdk/Contents/Home/jre/lib/libjdwp.dylib
0x000000010b31e000 	/Library/Java/JavaVirtualMachines/jdk1.8.0_73.jdk/Contents/Home/jre/lib/libnpt.dylib
0x000000010b32b000 	/Library/Java/JavaVirtualMachines/jdk1.8.0_73.jdk/Contents/Home/jre/lib/libzip.dylib
0x0000000112497000 	/System/Library/Frameworks/JavaVM.framework/Frameworks/JavaRuntimeSupport.framework/JavaRuntimeSupport
0x00000001124b1000 	/System/Library/Frameworks/JavaVM.framework/Versions/A/Frameworks/JavaNativeFoundation.framework/Versions/A/JavaNativeFoundation
0x00000001124c6000 	/System/Library/Frameworks/JavaVM.framework/Versions/A/JavaVM
0x0000000030097000 	/System/Library/Frameworks/Carbon.framework/Versions/A/Carbon
0x00000001124d3000 	/System/Library/PrivateFrameworks/JavaLaunching.framework/Versions/A/JavaLaunching
0x0000000030097000 	/System/Library/Frameworks/Carbon.framework/Versions/A/Frameworks/CommonPanels.framework/Versions/A/CommonPanels
0x0000000030097000 	/System/Library/Frameworks/Carbon.framework/Versions/A/Frameworks/Help.framework/Versions/A/Help
0x0000000030097000 	/System/Library/Frameworks/Carbon.framework/Versions/A/Frameworks/ImageCapture.framework/Versions/A/ImageCapture
0x0000000030097000 	/System/Library/Frameworks/Carbon.framework/Versions/A/Frameworks/OpenScripting.framework/Versions/A/OpenScripting
0x0000000030097000 	/System/Library/Frameworks/Carbon.framework/Versions/A/Frameworks/Print.framework/Versions/A/Print
0x0000000030097000 	/System/Library/Frameworks/Carbon.framework/Versions/A/Frameworks/SecurityHI.framework/Versions/A/SecurityHI
0x0000000113ddd000 	/Library/Java/JavaVirtualMachines/jdk1.8.0_73.jdk/Contents/Home/jre/lib/libdt_socket.dylib

VM Arguments:
jvm_args: -agentlib:jdwp=transport=dt_socket,address=127.0.0.1:55711,suspend=y,server=n -Dfile.encoding=UTF-8 
java_command: mytest
java_class_path (initial): /Library/Java/JavaVirtualMachines/jdk1.8.0_73.jdk/Contents/Home/jre/lib/charsets.jar:/Library/Java/JavaVirtualMachines/jdk1.8.0_73.jdk/Contents/Home/jre/lib/deploy.jar:/Library/Java/JavaVirtualMachines/jdk1.8.0_73.jdk/Contents/Home/jre/lib/ext/cldrdata.jar:/Library/Java/JavaVirtualMachines/jdk1.8.0_73.jdk/Contents/Home/jre/lib/ext/dnsns.jar:/Library/Java/JavaVirtualMachines/jdk1.8.0_73.jdk/Contents/Home/jre/lib/ext/jaccess.jar:/Library/Java/JavaVirtualMachines/jdk1.8.0_73.jdk/Contents/Home/jre/lib/ext/jfxrt.jar:/Library/Java/JavaVirtualMachines/jdk1.8.0_73.jdk/Contents/Home/jre/lib/ext/localedata.jar:/Library/Java/JavaVirtualMachines/jdk1.8.0_73.jdk/Contents/Home/jre/lib/ext/nashorn.jar:/Library/Java/JavaVirtualMachines/jdk1.8.0_73.jdk/Contents/Home/jre/lib/ext/sunec.jar:/Library/Java/JavaVirtualMachines/jdk1.8.0_73.jdk/Contents/Home/jre/lib/ext/sunjce_provider.jar:/Library/Java/JavaVirtualMachines/jdk1.8.0_73.jdk/Contents/Home/jre/lib/ext/sunpkcs11.jar:/Library/Java/JavaVirtualMachines/jdk1.8.0_73.jdk/Contents/Home/jre/lib/ext/zipfs.jar:/Library/Java/JavaVirtualMachines/jdk1.8.0_73.jdk/Contents/Home/jre/lib/javaws.jar:/Library/Java/JavaVirtualMachines/jdk1.8.0_73.jdk/Contents/Home/jre/lib/jce.jar:/Library/Java/JavaVirtualMachines/jdk1.8.0_73.jdk/Contents/Home/jre/lib/jfr.jar:/Library/Java/JavaVirtualMachines/jdk1.8.0_73.jdk/Contents/Home/jre/lib/jfxswt.jar:/Library/Java/JavaVirtualMachines/jdk1.8.0_73.jdk/Contents/Home/jre/lib/jsse.jar:/Library/Java/JavaVirtualMachines/jdk1.8.0_73.jdk/Contents/Home/jre/lib/management-agent.jar:/Library/Java/JavaVirtualMachines/jdk1.8.0_73.jdk/Contents/Home/jre/lib/plugin.jar:/Library/Java/JavaVirtualMachines/jdk1.8.0_73.jdk/Contents/Home/jre/lib/resources.jar:/Library/Java/JavaVirtualMachines/jdk1.8.0_73.jdk/Contents/Home/jre/lib/rt.jar:/Library/Java/JavaVirtualMachines/jdk1.8.0_73.jdk/Contents/Home/lib/ant-javafx.jar:/Library/Java/JavaVirtualMachines/jdk1.8.0_73.jdk/Contents/Home/lib/dt.jar:/Library/Ja
Launcher Type: SUN_STANDARD

Environment Variables:
PATH=/usr/local/sbin:/usr/local/bin:/usr/bin:/bin:/usr/sbin:/sbin:/Users/yuanping/Documents/code/gradle-2.8/bin:/Users/yuanping/Documents/code/shell:/Users/yuanping/Documents/code/api/KindleGen:/usr/local/cellar/maven/3.3.3/bin:/usr/local/mysql/bin
SHELL=/bin/zsh

Signal Handlers:
SIGSEGV: [libjvm.dylib+0x5a71a5], sa_mask[0]=11111111011111110111111111111111, sa_flags=SA_ONSTACK|SA_RESTART|SA_SIGINFO
SIGBUS: [libjvm.dylib+0x5a71a5], sa_mask[0]=11111111011111110111111111111111, sa_flags=SA_RESTART|SA_SIGINFO
SIGFPE: [libjvm.dylib+0x480eb4], sa_mask[0]=11111111011111110111111111111111, sa_flags=SA_RESTART|SA_SIGINFO
SIGPIPE: [libjvm.dylib+0x480eb4], sa_mask[0]=11111111011111110111111111111111, sa_flags=SA_RESTART|SA_SIGINFO
SIGXFSZ: [libjvm.dylib+0x480eb4], sa_mask[0]=11111111011111110111111111111111, sa_flags=SA_RESTART|SA_SIGINFO
SIGILL: [libjvm.dylib+0x480eb4], sa_mask[0]=11111111011111110111111111111111, sa_flags=SA_RESTART|SA_SIGINFO
SIGUSR1: SIG_DFL, sa_mask[0]=00000000000000000000000000000000, sa_flags=none
SIGUSR2: [libjvm.dylib+0x4809d2], sa_mask[0]=00100000000000000000000000000000, sa_flags=SA_RESTART|SA_SIGINFO
SIGHUP: [libjvm.dylib+0x47efa9], sa_mask[0]=11111111011111110111111111111111, sa_flags=SA_RESTART|SA_SIGINFO
SIGINT: [libjvm.dylib+0x47efa9], sa_mask[0]=11111111011111110111111111111111, sa_flags=SA_RESTART|SA_SIGINFO
SIGTERM: [libjvm.dylib+0x47efa9], sa_mask[0]=11111111011111110111111111111111, sa_flags=SA_RESTART|SA_SIGINFO
SIGQUIT: [libjvm.dylib+0x47efa9], sa_mask[0]=11111111011111110111111111111111, sa_flags=SA_RESTART|SA_SIGINFO


---------------  S Y S T E M  ---------------

OS:Bsduname:Darwin 16.0.0 Darwin Kernel Version 16.0.0: Mon Aug 29 17:56:20 PDT 2016; root:xnu-3789.1.32~3/RELEASE_X86_64 x86_64
rlimit: STACK 8192k, CORE 0k, NPROC 709, NOFILE 10240, AS infinity
load average:3.56 2.78 2.42

CPU:total 4 (2 cores per cpu, 2 threads per core) family 6 model 61 stepping 4, cmov, cx8, fxsr, mmx, sse, sse2, sse3, ssse3, sse4.1, sse4.2, popcnt, avx, avx2, aes, clmul, erms, 3dnowpref, lzcnt, ht, tsc, tscinvbit, bmi1, bmi2, adx

Memory: 4k page, physical 8388608k(147120k free)

/proc/meminfo:


vm_info: Java HotSpot(TM) 64-Bit Server VM (25.73-b02) for bsd-amd64 JRE (1.8.0_73-b02), built on Jan 29 2016 15:02:00 by "java_re" with gcc 4.2.1 (Based on Apple Inc. build 5658) (LLVM build 2336.11.00)

time: Sat Oct  1 09:08:27 2016
elapsed time: 20142 seconds (0d 5h 35m 42s)

